2026-04-07 13:26:35,580 - __main__ - INFO - Logging to file: logs/run_query_example_api_20260407-132635.log
2026-04-07 13:26:35,580 - __main__ - INFO - === Job started at Tue Apr 07 01:26:35 PM  2026 ===
2026-04-07 13:26:35,581 - __main__ - INFO - Using infini-gram API endpoint: https://api.infini-gram.io/
2026-04-07 13:26:35,581 - __main__ - INFO - Index: v4_olmo-mix-1124_llama
2026-04-07 13:26:35,581 - __main__ - INFO - Query: 'natural language processing'
2026-04-07 13:26:35,581 - __main__ - INFO - === Step 1: Count query ===
2026-04-07 13:26:35,757 - __main__ - INFO - Count result: {'approx': False, 'count': 2068021, 'latency': 0.9350776672363281, 'token_ids': [5613, 4086, 9068], 'tokens': ['▁natural', '▁language', '▁processing']}
2026-04-07 13:26:35,758 - __main__ - INFO - Count: 2068021 (approx: False)
2026-04-07 13:26:35,758 - __main__ - INFO - Token IDs: [5613, 4086, 9068]
2026-04-07 13:26:35,758 - __main__ - INFO - Tokens: ['▁natural', '▁language', '▁processing']
2026-04-07 13:26:35,758 - __main__ - INFO - Latency: 0.9350776672363281 ms
2026-04-07 13:26:35,758 - __main__ - INFO - === Step 2: Find query ===
2026-04-07 13:26:35,859 - __main__ - INFO - Find result: {'cnt': 2068021, 'latency': 0.9791851043701172, 'segment_by_shard': [[407761529402, 407761719526], [407743895123, 407744085131], [407787543990, 407787733868], [407799965542, 407800154977], [407714386965, 407714576540], [407782999635, 407783189452], [407722828580, 407723019882], [407764736078, 407764925704], [407821787255, 407821977046], [407749546437, 407749735954], [217462820565, 217462989513]], 'token_ids': [5613, 4086, 9068], 'tokens': ['▁natural', '▁language', '▁processing']}
2026-04-07 13:26:35,860 - __main__ - INFO - Count: 2068021
2026-04-07 13:26:35,860 - __main__ - INFO - Segment by shard: [[407761529402, 407761719526], [407743895123, 407744085131], [407787543990, 407787733868], [407799965542, 407800154977], [407714386965, 407714576540], [407782999635, 407783189452], [407722828580, 407723019882], [407764736078, 407764925704], [407821787255, 407821977046], [407749546437, 407749735954], [217462820565, 217462989513]]
2026-04-07 13:26:35,860 - __main__ - INFO - === Step 3: Get document by rank ===
2026-04-07 13:26:35,959 - __main__ - INFO - Document (shard 0, rank 407761529402): {'blocked': False, 'disp_len': 20, 'doc_ix': 267127272, 'doc_len': 947, 'latency': 0.5135536193847656, 'metadata': '{"path": "dclm-1784.json.zst", "linenum": 523920, "metadata": {"id": "https://dc.uwm.edu/etd/1003/", "metadata": {"Content-Length": "30092", "Content-Type": "application/http; msgtype=response", "WARC-Block-Digest": "sha1:VDQBNB6EVGWIIWIJ7S4UBAU3NUD4YSK3", "WARC-Concurrent-To": "<urn:uuid:e2fcda15-6729-49ae-8010-af142922905f>", "WARC-Date": "2017-11-24T13:11:30Z", "WARC-IP-Address": "72.5.9.223", "WARC-Identified-Payload-Type": "text/html", "WARC-Payload-Digest": "sha1:AMSDS265B6M2BQ37ASDIZHFULUNC7FUL", "WARC-Record-ID": "<urn:uuid:51656ddc-2fa3-4629-afb5-8728946f05e9>", "WARC-Target-URI": "https://dc.uwm.edu/etd/1003/", "WARC-Truncated": "length", "WARC-Type": "response", "WARC-Warcinfo-ID": "<urn:uuid:466bd6eb-e6e1-4be5-b59c-8dc3c87883f1>", "bff_contained_ngram_count_before_dedupe": 3, "fasttext_openhermes_reddit_eli5_vs_rw_v2_bigram_200k_train_prob": 0.031781673431396484, "language_id_whole_page_fasttext": {"en": 0.91051983833313}, "previous_word_count": 603, "provenance": "dclm_shard_00025330.jsonl.zstd:28881", "url": "https://dc.uwm.edu/etd/1003/", "warcinfo": "robots: classic\\r\\nhostname: ip-10-11-225-138.ec2.internal\\r\\nsoftware: Nutch 1.6 (CC)\\r\\nisPartOf: CC-MAIN-2017-47\\r\\noperator: Common Crawl Admin\\r\\ndescription: Wide crawl of the web for November 2017\\r\\npublisher: Common Crawl\\r\\nformat: WARC File Format 1.0\\r\\nconformsTo: http://bibnum.bnf.fr/WARC/WARC_ISO_28500_version1_latestdraft.pdf"}, "source": "dclm-hero-run-fasttext_for_HF", "version": "1.0"}}\n', 'needle_offset': 10, 'spans': [['number of new terms which is very useful in effective', None], ['natural language processing', '0'], ['In essay 2, I', None]], 'token_ids': [5613, 4086, 9068], 'tokens': ['▁natural', '▁language', '▁processing']}
2026-04-07 13:26:35,963 - __main__ - INFO - Doc index: 267127272
2026-04-07 13:26:35,964 - __main__ - INFO - Doc length: 947
2026-04-07 13:26:35,964 - __main__ - INFO - Display length: 20
2026-04-07 13:26:35,964 - __main__ - INFO - Token IDs: [5613, 4086, 9068]
2026-04-07 13:26:35,964 - __main__ - INFO - Spans: [['number of new terms which is very useful in effective', None], ['natural language processing', '0'], ['In essay 2, I', None]]
2026-04-07 13:26:35,964 - __main__ - INFO - === Job finished at Tue Apr 07 01:26:35 PM  2026 ===
2026-04-07 13:26:35,964 - __main__ - INFO - === Elapsed time: 0 days 00:00:00 (total 0.383 seconds) ===
