=== Step 2.1 (make-part) started at Wed Feb 11 21:38:00 EST 2026 ===
RESUME: parts-0 exists. Will only run make-part for missing part files.
Using 16 batches of 28 jobs each, for a total of 448 jobs.
Ratio: 5, Token width: 2
Processing batch 0 to 28...
  Skip (already done): part 0-1711257852
  Skip (already done): part 3422315704-5133573556
  Skip (already done): part 5133473556-6844731408
  Skip (already done): part 6844631408-8555889260
  Skip (already done): part 8555789260-10267047112
  Skip (already done): part 10266947112-11978204964
  Skip (already done): part 13689262816-15400520668
  Skip (already done): part 20533894224-22245152076
  Skip (already done): part 23956209928-25667467780
  Skip (already done): part 27378525632-29089783484
  Skip (already done): part 29089683484-30800941336
Opening up the dataset files
Opening up the dataset files
Opening up the dataset files
Opening up the dataset files
Opening up the dataset files
Opening up the dataset files
  Skip (already done): part 30800841336-32512099188
Loading part of file from byte 17111578520 to 18822836372
Loading part of file from byte 22245052076 to 23956309928
Loading part of file from byte 18822736372 to 20533994224
Loading part of file from byte 15400420668 to 17111678520
Loading part of file from byte 1711157852 to 3422415704
Loading part of file from byte 11978104964 to 13689362816
  Skip (already done): part 32511999188-34223257040
Opening up the dataset files
Loading part of file from byte 25667367780 to 27378625632
  Skip (already done): part 35934314892-37645572744
Opening up the dataset files
Loading part of file from byte 34223157040 to 35934414892
Opening up the dataset files
Loading part of file from byte 37645472744 to 39356730596
  Skip (already done): part 39356630596-41067888448
  Skip (already done): part 41067788448-42779046300
  Skip (already done): part 42778946300-44490204152
Opening up the dataset files
Loading part of file from byte 44490104152 to 46201362004
  Skip (already done): part 46201262004-47912519856
Writing the suffix array at time t=372327ms
And finished at time t=373715ms
Writing the suffix array at time t=382994ms
And finished at time t=384315ms
Writing the suffix array at time t=391921ms
And finished at time t=393195ms
Writing the suffix array at time t=393968ms
And finished at time t=395437ms
Writing the suffix array at time t=400467ms
And finished at time t=401717ms
Writing the suffix array at time t=405933ms
And finished at time t=407869ms
Processing batch 28 to 56...
  Skip (already done): part 47912419856-49623677708
  Skip (already done): part 49623577708-51334835560
  Skip (already done): part 53045893412-54757151264
  Skip (already done): part 58179366968-59890624820
  Skip (already done): part 59890524820-61601782672
  Skip (already done): part 63312840524-65024098376
Opening up the dataset files
Opening up the dataset files
Opening up the dataset files
Loading part of file from byte 51334735560 to 53045993412
Loading part of file from byte 54757051264 to 56468309116
Loading part of file from byte 56468209116 to 58179466968
  Skip (already done): part 68446314080-70157571932
Opening up the dataset files
Loading part of file from byte 61601682672 to 63312940524
  Skip (already done): part 70157471932-71868729784
Opening up the dataset files
  Skip (already done): part 71868629784-73579887636
Loading part of file from byte 65023998376 to 66735256228
  Skip (already done): part 73579787636-75291045488
Opening up the dataset files
Loading part of file from byte 66735156228 to 68446414080
  Skip (already done): part 75290945488-77002203340
  Skip (already done): part 77002103340-78713361192
  Skip (already done): part 78713261192-80424519044
  Skip (already done): part 82135576896-83846834748
Opening up the dataset files
Loading part of file from byte 80424419044 to 82135676896
  Skip (already done): part 83846734748-85557992600
Opening up the dataset files
Loading part of file from byte 85557892600 to 87269150452
  Skip (already done): part 87269050452-88980308304
  Skip (already done): part 88980208304-90691466156
Opening up the dataset files
Loading part of file from byte 90691366156 to 92402624008
Opening up the dataset files
Loading part of file from byte 92402524008 to 94113781860
  Skip (already done): part 94113681860-95824939712
Writing the suffix array at time t=375491ms
And finished at time t=376821ms
Writing the suffix array at time t=378245ms
And finished at time t=379582ms
Writing the suffix array at time t=383339ms
And finished at time t=384655ms
Writing the suffix array at time t=386219ms
And finished at time t=387574ms
Writing the suffix array at time t=389468ms
And finished at time t=391001ms
Writing the suffix array at time t=395609ms
And finished at time t=397034ms
Processing batch 56 to 84...
  Skip (already done): part 97535997564-99247255416
  Skip (already done): part 100958313268-102669571120
  Skip (already done): part 102669471120-104380728972
  Skip (already done): part 104380628972-106091886824
Opening up the dataset files
Opening up the dataset files
  Skip (already done): part 106091786824-107803044676
Loading part of file from byte 99247155416 to 100958413268
Loading part of file from byte 95824839712 to 97536097564
  Skip (already done): part 107802944676-109514202528
Opening up the dataset files
Loading part of file from byte 109514102528 to 111225360380
  Skip (already done): part 111225260380-112936518232
Opening up the dataset files
Loading part of file from byte 112936418232 to 114647676084
  Skip (already done): part 114647576084-116358833936
  Skip (already done): part 118069891788-119781149640
  Skip (already done): part 119781049640-121492307492
Opening up the dataset files
Loading part of file from byte 116358733936 to 118069991788
  Skip (already done): part 123203365344-124914623196
Opening up the dataset files
Loading part of file from byte 121492207492 to 123203465344
  Skip (already done): part 124914523196-126625781048
  Skip (already done): part 126625681048-128336938900
Opening up the dataset files
Loading part of file from byte 128336838900 to 130048096752
  Skip (already done): part 130047996752-131759254604
  Skip (already done): part 135181470308-136892728160
Opening up the dataset files
Opening up the dataset files
Loading part of file from byte 133470312456 to 135181570308
Loading part of file from byte 131759154604 to 133470412456
  Skip (already done): part 138603786012-140315043864
Opening up the dataset files
Loading part of file from byte 136892628160 to 138603886012
  Skip (already done): part 140314943864-142026201716
  Skip (already done): part 142026101716-143737359568
Writing the suffix array at time t=370031ms
And finished at time t=371319ms
Writing the suffix array at time t=383711ms
And finished at time t=385051ms
Writing the suffix array at time t=404039ms
And finished at time t=405338ms
Writing the suffix array at time t=412324ms
And finished at time t=413655ms
Writing the suffix array at time t=430593ms
And finished at time t=432046ms
Writing the suffix array at time t=434126ms
And finished at time t=435809ms
Processing batch 84 to 112...
  Skip (already done): part 145448417420-147159675272
  Skip (already done): part 147159575272-148870833124
  Skip (already done): part 148870733124-150581990976
  Skip (already done): part 152293048828-154004306680
  Skip (already done): part 154004206680-155715464532
Opening up the dataset files
Loading part of file from byte 143737259568 to 145448517420
  Skip (already done): part 155715364532-157426622384
Opening up the dataset files
Loading part of file from byte 150581890976 to 152293148828
  Skip (already done): part 157426522384-159137780236
Opening up the dataset files
Loading part of file from byte 159137680236 to 160848938088
Opening up the dataset files
Loading part of file from byte 160848838088 to 162560095940
  Skip (already done): part 162559995940-164271253792
  Skip (already done): part 164271153792-165982411644
Opening up the dataset files
Loading part of file from byte 165982311644 to 167693569496
  Skip (already done): part 169404627348-171115885200
Opening up the dataset files
Loading part of file from byte 167693469496 to 169404727348
  Skip (already done): part 171115785200-172827043052
Opening up the dataset files
Loading part of file from byte 172826943052 to 174538200904
  Skip (already done): part 174538100904-176249358756
Opening up the dataset files
Loading part of file from byte 176249258756 to 177960516608
Opening up the dataset files
Loading part of file from byte 177960416608 to 179671674460
  Skip (already done): part 179671574460-181382832312
Opening up the dataset files
Loading part of file from byte 181382732312 to 183093990164
Opening up the dataset files
Loading part of file from byte 183093890164 to 184805148016
  Skip (already done): part 184805048016-186516305868
Opening up the dataset files
Loading part of file from byte 186516205868 to 188227463720
Opening up the dataset files
Opening up the dataset files
Loading part of file from byte 189938521572 to 191649779424
Loading part of file from byte 188227363720 to 189938621572
Writing the suffix array at time t=378788ms
And finished at time t=380132ms
Writing the suffix array at time t=385410ms
And finished at time t=386754ms
Writing the suffix array at time t=396978ms
And finished at time t=398275ms
Writing the suffix array at time t=415154ms
And finished at time t=416448ms
Writing the suffix array at time t=422386ms
And finished at time t=423619ms
Writing the suffix array at time t=431107ms
And finished at time t=432971ms
Processing batch 112 to 140...
  Skip (already done): part 191649679424-193360937276
  Skip (already done): part 193360837276-195072095128
  Skip (already done): part 195071995128-196783252980
  Skip (already done): part 200205468684-201916726536
  Skip (already done): part 203627784388-205339042240
Opening up the dataset files
Loading part of file from byte 201916626536 to 203627884388
Opening up the dataset files
Opening up the dataset files
Loading part of file from byte 198494310832 to 200205568684
Loading part of file from byte 196783152980 to 198494410832
  Skip (already done): part 205338942240-207050200092
  Skip (already done): part 207050100092-208761357944
  Skip (already done): part 208761257944-210472515796
  Skip (already done): part 210472415796-212183673648
  Skip (already done): part 212183573648-213894831500
  Skip (already done): part 213894731500-215605989352
  Skip (already done): part 215605889352-217317147204
  Skip (already done): part 222450520760-224161778612
Opening up the dataset files
Loading part of file from byte 217317047204 to 219028305056
Opening up the dataset files
Loading part of file from byte 219028205056 to 220739462908
Opening up the dataset files
Loading part of file from byte 220739362908 to 222450620760
  Skip (already done): part 224161678612-225872936464
  Skip (already done): part 225872836464-227584094316
  Skip (already done): part 227583994316-229295252168
  Skip (already done): part 234428625724-236139883576
Opening up the dataset files
Loading part of file from byte 229295152168 to 231006410020
Opening up the dataset files
Loading part of file from byte 231006310020 to 232717567872
Opening up the dataset files
Loading part of file from byte 232717467872 to 234428725724
Opening up the dataset files
Loading part of file from byte 236139783576 to 237851041428
  Skip (already done): part 237850941428-239562199280
Writing the suffix array at time t=370410ms
And finished at time t=371724ms
Writing the suffix array at time t=377132ms
And finished at time t=378459ms
Writing the suffix array at time t=402728ms
Writing the suffix array at time t=403506ms
And finished at time t=404042ms
And finished at time t=404959ms
Writing the suffix array at time t=414667ms
Writing the suffix array at time t=415058ms
And finished at time t=416201ms
And finished at time t=416517ms
Processing batch 140 to 168...
  Skip (already done): part 239562099280-241273357132
  Skip (already done): part 241273257132-242984514984
  Skip (already done): part 244695572836-246406830688
  Skip (already done): part 249829046392-251540304244
  Skip (already done): part 251540204244-253251462096
Opening up the dataset files
Loading part of file from byte 242984414984 to 244695672836
  Skip (already done): part 253251362096-254962619948
Opening up the dataset files
Opening up the dataset files
Loading part of file from byte 246406730688 to 248117988540
Loading part of file from byte 248117888540 to 249829146392
Opening up the dataset files
Loading part of file from byte 258384835652 to 260096093504
Opening up the dataset files
Loading part of file from byte 254962519948 to 256673777800
Opening up the dataset files
Loading part of file from byte 256673677800 to 258384935652
Opening up the dataset files
Loading part of file from byte 260095993504 to 261807251356
Opening up the dataset files
Loading part of file from byte 261807151356 to 263518409208
  Skip (already done): part 263518309208-265229567060
  Skip (already done): part 265229467060-266940724912
  Skip (already done): part 266940624912-268651882764
  Skip (already done): part 268651782764-270363040616
  Skip (already done): part 270362940616-272074198468
  Skip (already done): part 272074098468-273785356320
  Skip (already done): part 275496414172-277207672024
Opening up the dataset files
Loading part of file from byte 273785256320 to 275496514172
  Skip (already done): part 277207572024-278918829876
  Skip (already done): part 278918729876-280629987728
  Skip (already done): part 280629887728-282341145580
  Skip (already done): part 284052203432-285763461284
Opening up the dataset files
Loading part of file from byte 282341045580 to 284052303432
  Skip (already done): part 285763361284-287474619136
Writing the suffix array at time t=368753ms
And finished at time t=370053ms
Writing the suffix array at time t=401745ms
And finished at time t=403078ms
Writing the suffix array at time t=403244ms
And finished at time t=404518ms
Writing the suffix array at time t=410507ms
Writing the suffix array at time t=411080ms
And finished at time t=411957ms
And finished at time t=412524ms
Writing the suffix array at time t=421568ms
And finished at time t=423464ms
Processing batch 168 to 196...
  Skip (already done): part 287474519136-289185776988
  Skip (already done): part 294319150544-296030408396
  Skip (already done): part 296030308396-297741566248
Opening up the dataset files
Opening up the dataset files
Opening up the dataset files
Loading part of file from byte 289185676988 to 290896934840
Loading part of file from byte 290896834840 to 292608092692
Loading part of file from byte 292607992692 to 294319250544
  Skip (already done): part 299452624100-301163881952
Opening up the dataset files
Loading part of file from byte 297741466248 to 299452724100
  Skip (already done): part 301163781952-302875039804
  Skip (already done): part 302874939804-304586197656
  Skip (already done): part 306297255508-308008513360
Opening up the dataset files
Loading part of file from byte 304586097656 to 306297355508
Opening up the dataset files
Loading part of file from byte 308008413360 to 309719671212
  Skip (already done): part 309719571212-311430829064
Opening up the dataset files
Loading part of file from byte 311430729064 to 313141986916
  Skip (already done): part 313141886916-314853144768
  Skip (already done): part 314853044768-316564302620
  Skip (already done): part 316564202620-318275460472
Opening up the dataset files
Loading part of file from byte 318275360472 to 319986618324
Opening up the dataset files
Loading part of file from byte 319986518324 to 321697776176
Opening up the dataset files
Loading part of file from byte 321697676176 to 323408934028
  Skip (already done): part 323408834028-325120091880
  Skip (already done): part 325119991880-326831249732
  Skip (already done): part 326831149732-328542407584
  Skip (already done): part 328542307584-330253565436
  Skip (already done): part 330253465436-331964723288
Opening up the dataset files
Loading part of file from byte 331964623288 to 333675881140
  Skip (already done): part 333675781140-335387038992
Writing the suffix array at time t=375009ms
And finished at time t=376328ms
Writing the suffix array at time t=396713ms
And finished at time t=398051ms
Writing the suffix array at time t=399659ms
And finished at time t=401297ms
Writing the suffix array at time t=432601ms
And finished at time t=433896ms
Writing the suffix array at time t=444022ms
And finished at time t=445386ms
Writing the suffix array at time t=453681ms
And finished at time t=455084ms
Processing batch 196 to 224...
  Skip (already done): part 335386938992-337098196844
  Skip (already done): part 338809254696-340520512548
  Skip (already done): part 340520412548-342231670400
  Skip (already done): part 343942728252-345653986104
  Skip (already done): part 345653886104-347365143956
  Skip (already done): part 347365043956-349076301808
Opening up the dataset files
Loading part of file from byte 337098096844 to 338809354696
Opening up the dataset files
Loading part of file from byte 342231570400 to 343942828252
  Skip (already done): part 349076201808-350787459660
Opening up the dataset files
Loading part of file from byte 350787359660 to 352498617512
  Skip (already done): part 352498517512-354209775364
Opening up the dataset files
Loading part of file from byte 357631991068 to 359343248920
Opening up the dataset files
Loading part of file from byte 354209675364 to 355920933216
Opening up the dataset files
Loading part of file from byte 355920833216 to 357632091068
Opening up the dataset files
Loading part of file from byte 359343148920 to 361054406772
Opening up the dataset files
Loading part of file from byte 361054306772 to 362765564624
  Skip (already done): part 362765464624-364476722476
  Skip (already done): part 364476622476-366187880328
  Skip (already done): part 366187780328-367899038180
Opening up the dataset files
Loading part of file from byte 369610096032 to 371321353884
Opening up the dataset files
Loading part of file from byte 367898938180 to 369610196032
  Skip (already done): part 371321253884-373032511736
  Skip (already done): part 373032411736-374743669588
  Skip (already done): part 374743569588-376454827440
  Skip (already done): part 376454727440-378165985292
Opening up the dataset files
Loading part of file from byte 378165885292 to 379877143144
Opening up the dataset files
Loading part of file from byte 379877043144 to 381588300996
Opening up the dataset files
Loading part of file from byte 381588200996 to 383299458848
Writing the suffix array at time t=381237ms
And finished at time t=382555ms
Writing the suffix array at time t=399642ms
And finished at time t=400904ms
Writing the suffix array at time t=411294ms
And finished at time t=412617ms
Writing the suffix array at time t=416820ms
And finished at time t=418277ms
Writing the suffix array at time t=433471ms
And finished at time t=434771ms
Writing the suffix array at time t=445910ms
And finished at time t=447592ms
Processing batch 224 to 252...
  Skip (already done): part 383299358848-385010616700
  Skip (already done): part 385010516700-386721774552
  Skip (already done): part 386721674552-388432932404
  Skip (already done): part 388432832404-390144090256
  Skip (already done): part 393566305960-395277563812
  Skip (already done): part 395277463812-396988721664
Opening up the dataset files
Opening up the dataset files
Loading part of file from byte 391855148108 to 393566405960
Loading part of file from byte 390143990256 to 391855248108
  Skip (already done): part 396988621664-398699879516
  Skip (already done): part 400410937368-402122195220
  Skip (already done): part 402122095220-403833353072
Opening up the dataset files
Loading part of file from byte 398699779516 to 400411037368
  Skip (already done): part 403833253072-405544510924
  Skip (already done): part 405544410924-407255668776
Opening up the dataset files
Loading part of file from byte 407255568776 to 408966826628
  Skip (already done): part 408966726628-410677984480
Opening up the dataset files
Loading part of file from byte 410677884480 to 412389142332
Opening up the dataset files
Loading part of file from byte 412389042332 to 414100300184
Opening up the dataset files
Loading part of file from byte 414100200184 to 415811458036
  Skip (already done): part 415811358036-417522615888
  Skip (already done): part 417522515888-419233773740
Opening up the dataset files
Loading part of file from byte 419233673740 to 420944931592
  Skip (already done): part 420944831592-422656089444
  Skip (already done): part 422655989444-424367247296
Opening up the dataset files
Loading part of file from byte 424367147296 to 426078405148
  Skip (already done): part 426078305148-427789563000
  Skip (already done): part 427789463000-429500720852
Opening up the dataset files
Loading part of file from byte 429500620852 to 431211878704
Writing the suffix array at time t=370209ms
And finished at time t=371594ms
Writing the suffix array at time t=375516ms
And finished at time t=376831ms
Writing the suffix array at time t=445463ms
And finished at time t=446710ms
Writing the suffix array at time t=467390ms
And finished at time t=468624ms
Writing the suffix array at time t=484759ms
And finished at time t=486199ms
Writing the suffix array at time t=492562ms
And finished at time t=494056ms
Processing batch 252 to 280...
  Skip (already done): part 434634094408-436345352260
Opening up the dataset files
Loading part of file from byte 431211778704 to 432923036556
Opening up the dataset files
Loading part of file from byte 432922936556 to 434634194408
  Skip (already done): part 436345252260-438056510112
Opening up the dataset files
Loading part of file from byte 438056410112 to 439767667964
  Skip (already done): part 439767567964-441478825816
  Skip (already done): part 441478725816-443189983668
  Skip (already done): part 443189883668-444901141520
  Skip (already done): part 444901041520-446612299372
  Skip (already done): part 446612199372-448323457224
  Skip (already done): part 448323357224-450034615076
  Skip (already done): part 450034515076-451745772928
Opening up the dataset files
Loading part of file from byte 451745672928 to 453456930780
  Skip (already done): part 453456830780-455168088632
  Skip (already done): part 455167988632-456879246484
  Skip (already done): part 460301462188-462012720040
Opening up the dataset files
Loading part of file from byte 458590304336 to 460301562188
Opening up the dataset files
Loading part of file from byte 456879146484 to 458590404336
Opening up the dataset files
Loading part of file from byte 462012620040 to 463723877892
  Skip (already done): part 463723777892-465435035744
  Skip (already done): part 465434935744-467146193596
Opening up the dataset files
Loading part of file from byte 467146093596 to 468857351448
  Skip (already done): part 468857251448-470568509300
  Skip (already done): part 470568409300-472279667152
  Skip (already done): part 472279567152-473990825004
  Skip (already done): part 473990725004-475701982856
Opening up the dataset files
Loading part of file from byte 477413040708 to 479124298560
Opening up the dataset files
Loading part of file from byte 475701882856 to 477413140708
Writing the suffix array at time t=368645ms
And finished at time t=369953ms
Writing the suffix array at time t=378055ms
And finished at time t=379368ms
Writing the suffix array at time t=433642ms
And finished at time t=434945ms
Writing the suffix array at time t=437097ms
Writing the suffix array at time t=437103ms
And finished at time t=438729ms
And finished at time t=438747ms
Writing the suffix array at time t=441131ms
And finished at time t=442458ms
Processing batch 280 to 308...
  Skip (already done): part 479124198560-480835456412
  Skip (already done): part 480835356412-482546614264
  Skip (already done): part 482546514264-484257772116
  Skip (already done): part 484257672116-485968929968
  Skip (already done): part 485968829968-487680087820
  Skip (already done): part 487679987820-489391245672
  Skip (already done): part 491102303524-492813561376
  Skip (already done): part 492813461376-494524719228
  Skip (already done): part 497946934932-499658192784
Opening up the dataset files
Loading part of file from byte 489391145672 to 491102403524
  Skip (already done): part 501369250636-503080508488
Opening up the dataset files
Loading part of file from byte 494524619228 to 496235877080
Opening up the dataset files
Loading part of file from byte 496235777080 to 497947034932
  Skip (already done): part 506502724192-508213982044
Opening up the dataset files
Loading part of file from byte 503080408488 to 504791666340
Opening up the dataset files
Loading part of file from byte 499658092784 to 501369350636
Opening up the dataset files
Loading part of file from byte 504791566340 to 506502824192
Opening up the dataset files
Opening up the dataset files
Loading part of file from byte 509925039896 to 511636297748
Loading part of file from byte 508213882044 to 509925139896
Opening up the dataset files
Loading part of file from byte 511636197748 to 513347455600
  Skip (already done): part 513347355600-515058613452
  Skip (already done): part 515058513452-516769771304
  Skip (already done): part 516769671304-518480929156
  Skip (already done): part 518480829156-520192087008
  Skip (already done): part 520191987008-521903244860
Opening up the dataset files
Loading part of file from byte 521903144860 to 523614402712
  Skip (already done): part 523614302712-525325560564
  Skip (already done): part 525325460564-527036718416
Writing the suffix array at time t=378338ms
And finished at time t=379732ms
Writing the suffix array at time t=382143ms
And finished at time t=383498ms
Writing the suffix array at time t=390000ms
Writing the suffix array at time t=390419ms
And finished at time t=391456ms
And finished at time t=391994ms
Writing the suffix array at time t=392145ms
Writing the suffix array at time t=392484ms
And finished at time t=393990ms
And finished at time t=394254ms
Processing batch 308 to 336...
  Skip (already done): part 527036618416-528747876268
  Skip (already done): part 530458934120-532170191972
  Skip (already done): part 532170091972-533881349824
  Skip (already done): part 533881249824-535592507676
  Skip (already done): part 535592407676-537303665528
Opening up the dataset files
Loading part of file from byte 528747776268 to 530459034120
  Skip (already done): part 537303565528-539014823380
Opening up the dataset files
Loading part of file from byte 539014723380 to 540725981232
  Skip (already done): part 540725881232-542437139084
  Skip (already done): part 542437039084-544148296936
  Skip (already done): part 544148196936-545859454788
  Skip (already done): part 545859354788-547570612640
  Skip (already done): part 547570512640-549281770492
  Skip (already done): part 549281670492-550992928344
  Skip (already done): part 550992828344-552704086196
  Skip (already done): part 552703986196-554415244048
Opening up the dataset files
Loading part of file from byte 554415144048 to 556126401900
Opening up the dataset files
Loading part of file from byte 556126301900 to 557837559752
  Skip (already done): part 561259775456-562971033308
Opening up the dataset files
Loading part of file from byte 557837459752 to 559548717604
Opening up the dataset files
Loading part of file from byte 559548617604 to 561259875456
  Skip (already done): part 562970933308-564682191160
Opening up the dataset files
Loading part of file from byte 564682091160 to 566393349012
Opening up the dataset files
Loading part of file from byte 566393249012 to 568104506864
  Skip (already done): part 568104406864-569815664716
  Skip (already done): part 569815564716-571526822568
Opening up the dataset files
Loading part of file from byte 571526722568 to 573237980420
Opening up the dataset files
Loading part of file from byte 573237880420 to 574949138272
Writing the suffix array at time t=384916ms
And finished at time t=386251ms
Writing the suffix array at time t=388096ms
And finished at time t=389385ms
Writing the suffix array at time t=412060ms
And finished at time t=413382ms
Writing the suffix array at time t=420683ms
And finished at time t=422024ms
Writing the suffix array at time t=427698ms
And finished at time t=429256ms
Writing the suffix array at time t=437770ms
And finished at time t=439250ms
Processing batch 336 to 364...
  Skip (already done): part 576660196124-578371453976
  Skip (already done): part 578371353976-580082611828
Opening up the dataset files
Loading part of file from byte 574949038272 to 576660296124
  Skip (already done): part 580082511828-581793769680
  Skip (already done): part 581793669680-583504927532
Opening up the dataset files
Loading part of file from byte 583504827532 to 585216085384
  Skip (already done): part 585215985384-586927243236
Opening up the dataset files
Loading part of file from byte 586927143236 to 588638401088
Opening up the dataset files
Loading part of file from byte 588638301088 to 590349558940
  Skip (already done): part 590349458940-592060716792
  Skip (already done): part 592060616792-593771874644
  Skip (already done): part 595482932496-597194190348
Opening up the dataset files
Loading part of file from byte 593771774644 to 595483032496
  Skip (already done): part 597194090348-598905348200
  Skip (already done): part 600616406052-602327663904
Opening up the dataset files
Loading part of file from byte 598905248200 to 600616506052
  Skip (already done): part 602327563904-604038821756
  Skip (already done): part 604038721756-605749979608
  Skip (already done): part 605749879608-607461137460
  Skip (already done): part 607461037460-609172295312
  Skip (already done): part 609172195312-610883453164
Opening up the dataset files
Loading part of file from byte 610883353164 to 612594611016
  Skip (already done): part 612594511016-614305768868
Opening up the dataset files
Loading part of file from byte 614305668868 to 616016926720
Opening up the dataset files
  Skip (already done): part 621150300276-622861558128
Loading part of file from byte 616016826720 to 617728084572
Opening up the dataset files
Loading part of file from byte 617727984572 to 619439242424
Opening up the dataset files
Loading part of file from byte 619439142424 to 621150400276
Writing the suffix array at time t=370804ms
And finished at time t=372100ms
Writing the suffix array at time t=381859ms
And finished at time t=383203ms
Writing the suffix array at time t=400923ms
And finished at time t=402258ms
Writing the suffix array at time t=404073ms
And finished at time t=405541ms
Writing the suffix array at time t=405627ms
Writing the suffix array at time t=405651ms
And finished at time t=407234ms
And finished at time t=407376ms
Processing batch 364 to 392...
  Skip (already done): part 622861458128-624572715980
  Skip (already done): part 624572615980-626283873832
  Skip (already done): part 626283773832-627995031684
  Skip (already done): part 629706089536-631417347388
  Skip (already done): part 631417247388-633128505240
  Skip (already done): part 634839563092-636550820944
Opening up the dataset files
Loading part of file from byte 627994931684 to 629706189536
Opening up the dataset files
Loading part of file from byte 633128405240 to 634839663092
  Skip (already done): part 636550720944-638261978796
Opening up the dataset files
Loading part of file from byte 638261878796 to 639973136648
  Skip (already done): part 639973036648-641684294500
Opening up the dataset files
Loading part of file from byte 641684194500 to 643395452352
  Skip (already done): part 643395352352-645106610204
  Skip (already done): part 645106510204-646817768056
Opening up the dataset files
Loading part of file from byte 646817668056 to 648528925908
  Skip (already done): part 648528825908-650240083760
Opening up the dataset files
Loading part of file from byte 650239983760 to 651951241612
  Skip (already done): part 651951141612-653662399464
Opening up the dataset files
Loading part of file from byte 653662299464 to 655373557316
  Skip (already done): part 655373457316-657084715168
  Skip (already done): part 657084615168-658795873020
Opening up the dataset files
Loading part of file from byte 658795773020 to 660507030872
  Skip (already done): part 660506930872-662218188724
Opening up the dataset files
Loading part of file from byte 662218088724 to 663929346576
  Skip (already done): part 663929246576-665640504428
  Skip (already done): part 667351562280-669062820132
Opening up the dataset files
Loading part of file from byte 665640404428 to 667351662280
Opening up the dataset files
Loading part of file from byte 669062720132 to 670773977984
Writing the suffix array at time t=387336ms
And finished at time t=388654ms
Writing the suffix array at time t=390051ms
And finished at time t=391360ms
Writing the suffix array at time t=393809ms
Writing the suffix array at time t=394622ms
And finished at time t=395169ms
And finished at time t=396199ms
Writing the suffix array at time t=397056ms
And finished at time t=398330ms
Writing the suffix array at time t=401574ms
And finished at time t=403339ms
Processing batch 392 to 420...
  Skip (already done): part 670773877984-672485135836
  Skip (already done): part 672485035836-674196293688
  Skip (already done): part 674196193688-675907451540
  Skip (already done): part 675907351540-677618609392
  Skip (already done): part 679329667244-681040925096
  Skip (already done): part 681040825096-682752082948
Opening up the dataset files
Loading part of file from byte 677618509392 to 679329767244
  Skip (already done): part 684463140800-686174398652
Opening up the dataset files
Loading part of file from byte 682751982948 to 684463240800
  Skip (already done): part 686174298652-687885556504
  Skip (already done): part 687885456504-689596714356
Opening up the dataset files
Loading part of file from byte 689596614356 to 691307872208
Opening up the dataset files
Loading part of file from byte 691307772208 to 693019030060
Opening up the dataset files
Loading part of file from byte 693018930060 to 694730187912
  Skip (already done): part 694730087912-696441345764
  Skip (already done): part 699863561468-701574819320
Opening up the dataset files
Loading part of file from byte 696441245764 to 698152503616
Opening up the dataset files
  Skip (already done): part 701574719320-703285977172
Loading part of file from byte 698152403616 to 699863661468
  Skip (already done): part 703285877172-704997135024
  Skip (already done): part 704997035024-706708292876
  Skip (already done): part 706708192876-708419450728
  Skip (already done): part 708419350728-710130608580
  Skip (already done): part 710130508580-711841766432
Opening up the dataset files
Loading part of file from byte 711841666432 to 713552924284
  Skip (already done): part 713552824284-715264082136
Opening up the dataset files
Loading part of file from byte 715263982136 to 716975239988
Opening up the dataset files
Loading part of file from byte 716975139988 to 718686397840
Writing the suffix array at time t=375979ms
And finished at time t=377308ms
Writing the suffix array at time t=405355ms
And finished at time t=406676ms
Writing the suffix array at time t=470978ms
Writing the suffix array at time t=472257ms
And finished at time t=472291ms
And finished at time t=473549ms
Writing the suffix array at time t=505274ms
And finished at time t=506533ms
Writing the suffix array at time t=511057ms
And finished at time t=512755ms
Processing batch 420 to 448...
  Skip (already done): part 720397455692-722108713544
  Skip (already done): part 722108613544-723819871396
Opening up the dataset files
Loading part of file from byte 718686297840 to 720397555692
  Skip (already done): part 723819771396-725531029248
Opening up the dataset files
Loading part of file from byte 725530929248 to 727242187100
  Skip (already done): part 727242087100-728953344952
  Skip (already done): part 728953244952-730664502804
Opening up the dataset files
Loading part of file from byte 730664402804 to 732375660656
Opening up the dataset files
Loading part of file from byte 732375560656 to 734086818508
  Skip (already done): part 734086718508-735797976360
  Skip (already done): part 737509034212-739220292064
Opening up the dataset files
Loading part of file from byte 735797876360 to 737509134212
  Skip (already done): part 739220192064-740931449916
  Skip (already done): part 740931349916-742642607768
  Skip (already done): part 742642507768-744353765620
  Skip (already done): part 744353665620-746064923472
  Skip (already done): part 746064823472-747776081324
  Skip (already done): part 747775981324-749487239176
Opening up the dataset files
Loading part of file from byte 751198297028 to 752909554880
Opening up the dataset files
Loading part of file from byte 749487139176 to 751198397028
  Skip (already done): part 752909454880-754620712732
  Skip (already done): part 754620612732-756331870584
  Skip (already done): part 756331770584-758043028436
  Skip (already done): part 758042928436-759754186288
  Skip (already done): part 764887559844-766598717304
Opening up the dataset files
Opening up the dataset files
Loading part of file from byte 759754086288 to 761465344140
Loading part of file from byte 761465244140 to 763176501992
Opening up the dataset files
Loading part of file from byte 763176401992 to 764887659844
Writing the suffix array at time t=369837ms
Writing the suffix array at time t=370224ms
And finished at time t=371295ms
And finished at time t=371664ms
Writing the suffix array at time t=386705ms
And finished at time t=387992ms
Writing the suffix array at time t=443835ms
And finished at time t=445062ms
Writing the suffix array at time t=447516ms
And finished at time t=449046ms
Writing the suffix array at time t=475168ms
And finished at time t=476617ms
Done: 170 parts built, 278 skipped (already present).
=== Step 2.1 (make-part) finished at Wed Feb 11 23:34:29 EST 2026 ===
=== Elapsed time: 0 days 01:56:29 (total 6989 seconds)

=== Parts done: 382/448. Re-submit this job to continue from checkpoint. ===
=== When all parts are done, run run_indexing_step2_2_merge.sh ===
